<?xml version="1.0" encoding="UTF-8"?>
<!-- Generated by org.testng.reporters.JUnitXMLReporter -->
<testsuite hostname="Rahul" ignored="0" name="Default test" tests="6" failures="0" timestamp="02 Jun 2020 10:53:22 GMT" time="29.779" errors="0">
  <testcase name="deleteRequest" time="18.763" classname="com.app.test.GetRequest"/>
  <testcase name="getResponseContent" time="1.516" classname="com.app.test.GetRequest"/>
  <testcase name="getResponseHeader" time="0.777" classname="com.app.test.GetRequest"/>
  <testcase name="getResponseValidation" time="5.743" classname="com.app.test.GetRequest"/>
  <testcase name="postRequest" time="1.538" classname="com.app.test.GetRequest"/>
  <testcase name="putRequest" time="1.097" classname="com.app.test.GetRequest"/>
</testsuite> <!-- Default test -->
