<?xml version="1.0" encoding="UTF-8"?>
<!-- Generated by org.testng.reporters.JUnitXMLReporter -->
<testsuite hostname="Rahul" ignored="0" name="orange" tests="4" failures="0" timestamp="25 Feb 2020 06:25:28 GMT" time="21.806" errors="0">
  <testcase name="f" time="0.007" classname="com.app.MavenDemo"/>
  <testcase name="f1" time="0.004" classname="com.app.MavenDemo"/>
  <testcase name="login" time="1.863" classname="com.app.OrangeHrm"/>
  <testcase name="logout" time="3.89" classname="com.app.OrangeHrm"/>
</testsuite> <!-- orange -->
