<?xml version="1.0" encoding="UTF-8"?>
<testng-results skipped="0" failed="0" ignored="0" total="2" passed="2">
  <reporter-output>
  </reporter-output>
  <suite name="Default suite" duration-ms="17790" started-at="2020-03-03T07:05:00Z" finished-at="2020-03-03T07:05:17Z">
    <groups>
    </groups>
    <test name="Default test" duration-ms="17790" started-at="2020-03-03T07:05:00Z" finished-at="2020-03-03T07:05:17Z">
      <class name="com.app.test.PomTestRunner">
        <test-method status="PASS" signature="beforeSuite()[pri:0, instance:com.app.test.PomTestRunner@66a3ffec]" name="beforeSuite" is-config="true" duration-ms="14458" started-at="2020-03-03T07:04:45Z" finished-at="2020-03-03T07:05:00Z">
          <reporter-output>
          </reporter-output>
        </test-method> <!-- beforeSuite -->
        <test-method status="PASS" signature="loginTest()[pri:0, instance:com.app.test.PomTestRunner@66a3ffec]" name="loginTest" duration-ms="5405" started-at="2020-03-03T07:05:00Z" finished-at="2020-03-03T07:05:05Z">
          <reporter-output>
          </reporter-output>
        </test-method> <!-- loginTest -->
        <test-method status="PASS" signature="dashboard()[pri:0, instance:com.app.test.PomTestRunner@66a3ffec]" name="dashboard" duration-ms="12332" started-at="2020-03-03T07:05:05Z" depends-on-methods="com.app.test.PomTestRunner.loginTest" finished-at="2020-03-03T07:05:17Z">
          <reporter-output>
          </reporter-output>
        </test-method> <!-- dashboard -->
        <test-method status="PASS" signature="afterSuite()[pri:0, instance:com.app.test.PomTestRunner@66a3ffec]" name="afterSuite" is-config="true" duration-ms="2144" started-at="2020-03-03T07:05:17Z" finished-at="2020-03-03T07:05:20Z">
          <reporter-output>
          </reporter-output>
        </test-method> <!-- afterSuite -->
      </class> <!-- com.app.test.PomTestRunner -->
    </test> <!-- Default test -->
  </suite> <!-- Default suite -->
</testng-results>
