<?xml version="1.0" encoding="UTF-8"?>
<!-- Generated by org.testng.reporters.JUnitXMLReporter -->
<testsuite hostname="Rahul" ignored="0" name="Default test" tests="3" failures="0" timestamp="08 May 2020 15:15:49 GMT" time="19.946" errors="0">
  <testcase name="loginTest" time="6.523" classname="com.app.test.PomTestRunner"/>
  <testcase name="dashboard" time="12.946" classname="com.app.test.PomTestRunner"/>
  <testcase name="registrationTest" time="0.016" classname="com.app.test.PomTestRunner">
    <skipped/>
  </testcase> <!-- registrationTest -->
</testsuite> <!-- Default test -->
