<?xml version="1.0" encoding="UTF-8"?>
<testng-results skipped="1" failed="0" ignored="0" total="3" passed="2">
  <reporter-output>
  </reporter-output>
  <suite name="Default suite" duration-ms="19946" started-at="2020-05-08T15:15:29Z" finished-at="2020-05-08T15:15:49Z">
    <groups>
    </groups>
    <test name="Default test" duration-ms="19946" started-at="2020-05-08T15:15:29Z" finished-at="2020-05-08T15:15:49Z">
      <class name="com.app.test.PomTestRunner">
        <test-method status="PASS" signature="beforeSuite()[pri:0, instance:com.app.test.PomTestRunner@21362712]" name="beforeSuite" is-config="true" duration-ms="11984" started-at="2020-05-08T15:15:17Z" finished-at="2020-05-08T15:15:29Z">
          <reporter-output>
          </reporter-output>
        </test-method> <!-- beforeSuite -->
        <test-method status="PASS" signature="loginTest()[pri:1, instance:com.app.test.PomTestRunner@21362712]" name="loginTest" duration-ms="6523" started-at="2020-05-08T15:15:29Z" finished-at="2020-05-08T15:15:36Z">
          <reporter-output>
          </reporter-output>
        </test-method> <!-- loginTest -->
        <test-method status="PASS" signature="dashboard()[pri:2, instance:com.app.test.PomTestRunner@21362712]" name="dashboard" duration-ms="12946" started-at="2020-05-08T15:15:36Z" depends-on-methods="com.app.test.PomTestRunner.loginTest" finished-at="2020-05-08T15:15:49Z">
          <reporter-output>
          </reporter-output>
        </test-method> <!-- dashboard -->
        <test-method status="SKIP" signature="registrationTest()[pri:3, instance:com.app.test.PomTestRunner@21362712]" name="registrationTest" duration-ms="16" started-at="2020-05-08T15:15:49Z" description="Verify user Registration" finished-at="2020-05-08T15:15:49Z">
          <exception class="org.testng.SkipException">
            <message>
              <![CDATA[Skipping this Test]]>
            </message>
            <full-stacktrace>
              <![CDATA[org.testng.SkipException: Skipping this Test
at com.app.test.PomTestRunner.registrationTest(PomTestRunner.java:76)
at sun.reflect.NativeMethodAccessorImpl.invoke0(Native Method)
at sun.reflect.NativeMethodAccessorImpl.invoke(Unknown Source)
at sun.reflect.DelegatingMethodAccessorImpl.invoke(Unknown Source)
at java.lang.reflect.Method.invoke(Unknown Source)
at org.testng.internal.MethodInvocationHelper.invokeMethod(MethodInvocationHelper.java:124)
at org.testng.internal.Invoker.invokeMethod(Invoker.java:583)
at org.testng.internal.Invoker.invokeTestMethod(Invoker.java:719)
at org.testng.internal.Invoker.invokeTestMethods(Invoker.java:989)
at org.testng.internal.TestMethodWorker.invokeTestMethods(TestMethodWorker.java:125)
at org.testng.internal.TestMethodWorker.run(TestMethodWorker.java:109)
at org.testng.TestRunner.privateRun(TestRunner.java:648)
at org.testng.TestRunner.run(TestRunner.java:505)
at org.testng.SuiteRunner.runTest(SuiteRunner.java:455)
at org.testng.SuiteRunner.runSequentially(SuiteRunner.java:450)
at org.testng.SuiteRunner.privateRun(SuiteRunner.java:415)
at org.testng.SuiteRunner.run(SuiteRunner.java:364)
at org.testng.SuiteRunnerWorker.runSuite(SuiteRunnerWorker.java:52)
at org.testng.SuiteRunnerWorker.run(SuiteRunnerWorker.java:84)
at org.testng.TestNG.runSuitesSequentially(TestNG.java:1208)
at org.testng.TestNG.runSuitesLocally(TestNG.java:1137)
at org.testng.TestNG.runSuites(TestNG.java:1049)
at org.testng.TestNG.run(TestNG.java:1017)
at org.testng.remote.AbstractRemoteTestNG.run(AbstractRemoteTestNG.java:115)
at org.testng.remote.RemoteTestNG.initAndRun(RemoteTestNG.java:251)
at org.testng.remote.RemoteTestNG.main(RemoteTestNG.java:77)
]]>
            </full-stacktrace>
          </exception> <!-- org.testng.SkipException -->
          <reporter-output>
          </reporter-output>
        </test-method> <!-- registrationTest -->
        <test-method status="PASS" signature="afterSuite()[pri:0, instance:com.app.test.PomTestRunner@21362712]" name="afterSuite" is-config="true" duration-ms="939" started-at="2020-05-08T15:15:49Z" finished-at="2020-05-08T15:15:50Z">
          <reporter-output>
          </reporter-output>
        </test-method> <!-- afterSuite -->
      </class> <!-- com.app.test.PomTestRunner -->
    </test> <!-- Default test -->
  </suite> <!-- Default suite -->
</testng-results>
